<?xml version="1.0" encoding="UTF-8"?>
<!-- Generated by org.testng.reporters.JUnitReportReporter -->
<testsuite hostname="DESKTOP-3LAIULE" failures="0" tests="1" name="InterviewA.FirstTest" time="16.309" errors="0" timestamp="2021-08-12T17:06:30 IST" skipped="0">
  <testcase classname="InterviewA.FirstTest" name="TestFlipkart" time="16.309"/>
</testsuite> <!-- InterviewA.FirstTest -->
