<?xml version="1.0" encoding="UTF-8"?>
<!-- Generated by org.testng.reporters.JUnitReportReporter -->
<testsuite skipped="0" hostname="DESKTOP-3LAIULE" name="TestBrowser.TestStack.AppTest" tests="1" failures="0" timestamp="2021-08-07T13:28:55 IST" time="0.001" errors="0">
  <testcase name="testApp" time="0.001" classname="TestBrowser.TestStack.AppTest"/>
</testsuite> <!-- TestBrowser.TestStack.AppTest -->
