<?xml version="1.0" encoding="UTF-8"?>
<!-- Generated by org.testng.reporters.JUnitReportReporter -->
<testsuite skipped="0" hostname="DESKTOP-3LAIULE" name="InterviewA.FirstTest" tests="1" failures="0" timestamp="2021-08-12T16:50:08 IST" time="10.732" errors="0">
  <testcase name="TestFlipkart" time="10.732" classname="InterviewA.FirstTest"/>
</testsuite> <!-- InterviewA.FirstTest -->
