<?xml version="1.0" encoding="UTF-8"?>
<!-- Generated by org.testng.reporters.JUnitReportReporter -->
<testsuite hostname="DESKTOP-3LAIULE" failures="0" tests="1" name="InterviewA.FirstTest" time="12.779" errors="0" timestamp="2021-08-12T16:41:26 IST" skipped="0">
  <testcase classname="InterviewA.FirstTest" name="TestFlipkart" time="12.779"/>
</testsuite> <!-- InterviewA.FirstTest -->
